<?xml version="1.0" encoding="UTF-8"?>
<!-- Generated by org.testng.reporters.JUnitReportReporter -->
<testsuite hostname="DESKTOP-1QPLDGA" failures="0" tests="1" name="com.unosquare.DeleteTestReqres" time="1.334" errors="0" timestamp="2024-04-02T10:06:33 CST" skipped="0">
  <testcase classname="com.unosquare.DeleteTestReqres" name="f_Gherkin" time="1.334"/>
  <system-out>
    <![CDATA[Sucess 204 validation
Response is: ]]>
  </system-out>
</testsuite> <!-- com.unosquare.DeleteTestReqres -->
