<?xml version="1.0" encoding="UTF-8"?>
<!-- Generated by org.testng.reporters.JUnitReportReporter -->
<testsuite hostname="DESKTOP-1QPLDGA" failures="0" tests="1" name="com.unosquare.FirstAPITest" time="1.377" errors="0" timestamp="2024-04-02T09:45:32 CST" skipped="0">
  <testcase classname="com.unosquare.FirstAPITest" name="f_Gherkin" time="1.377"/>
  <system-out>
    <![CDATA[Sucess 201 validation
Response is: {"name":"angel","job":"leader","id":"426","createdAt":"2024-04-02T15:45:33.139Z"}]]>
  </system-out>
</testsuite> <!-- com.unosquare.FirstAPITest -->
