<?xml version="1.0" encoding="UTF-8"?>
<!-- Generated by org.testng.reporters.JUnitReportReporter -->
<testsuite hostname="DESKTOP-1QPLDGA" failures="0" tests="4" name="com.unosquare.TestReqres" time="2.999" errors="0" timestamp="2024-04-08T15:29:09 CST" skipped="0">
  <testcase classname="com.unosquare.TestReqres" name="f_Gherkin_post" time="0.498"/>
  <system-out>
    <![CDATA[Sucess 201 validation
Response is: {"name":"angel","job":"leader","id":"322","createdAt":"2024-04-08T21:29:08.787Z"}]]>
  </system-out>
  <testcase classname="com.unosquare.TestReqres" name="f_Gherkin_delete" time="1.528"/>
  <system-out>
    <![CDATA[Sucess 204 validation
Response is: ]]>
  </system-out>
  <testcase classname="com.unosquare.TestReqres" name="f_Gherkin_get" time="0.518"/>
  <system-out>
    <![CDATA[Sucess 200 validation
Response is: {"data":{"id":2,"email":"janet.weaver@reqres.in","first_name":"Janet","last_name":"Weaver","avatar":"https://reqres.in/img/faces/2-image.jpg"},"support":{"url":"https://reqres.in/#support-heading","text":"To keep ReqRes free, contributions towards server costs are appreciated!"}}]]>
  </system-out>
  <testcase classname="com.unosquare.TestReqres" name="f_Gherkin_post_register" time="0.455"/>
  <system-out>
    <![CDATA[Sucess 201 validation
Response is: {"id":4,"token":"QpwL5tke4Pnpja7X4"}]]>
  </system-out>
</testsuite> <!-- com.unosquare.TestReqres -->
