<?xml version="1.0" encoding="UTF-8"?>
<!-- Generated by org.testng.reporters.JUnitReportReporter -->
<testsuite hostname="DESKTOP-1QPLDGA" failures="0" tests="1" name="com.unosquare.GetTestReqres" time="1.355" errors="0" timestamp="2024-04-02T10:09:40 CST" skipped="0">
  <testcase classname="com.unosquare.GetTestReqres" name="f_Gherkin_post" time="1.355"/>
  <system-out>
    <![CDATA[Sucess 201 validation
Response is: {"name":"angel","job":"leader","id":"619","createdAt":"2024-04-02T16:09:41.281Z"}]]>
  </system-out>
</testsuite> <!-- com.unosquare.GetTestReqres -->
