<?xml version="1.0" encoding="UTF-8"?>
<!-- Generated by org.testng.reporters.JUnitReportReporter -->
<testsuite hostname="DESKTOP-1QPLDGA" failures="0" tests="1" name="com.unosquare.TestExtJson" time="1.613" errors="0" timestamp="2024-04-02T12:48:52 CST" skipped="0">
  <testcase classname="com.unosquare.TestExtJson" name="f_Gherkin_post_register" time="1.613"/>
  <system-out>
    <![CDATA[Sucess 200 validation
Response is: {"id":4,"token":"QpwL5tke4Pnpja7X4"}
Response is: {"password":"pistol","email":"eve.holt@reqres.in"}]]>
  </system-out>
</testsuite> <!-- com.unosquare.TestExtJson -->
